c:\users\dmitry\dropbox\scc\proj\debug\scc.bsc
c:\users\etharner\dropbox\scc\proj\debug\scc.bsc
c:\users\dmitry\dropbox\scc\proj\debug\vc120.pdb
c:\users\dmitry\dropbox\scc\proj\debug\vc120.idb
c:\users\dmitry\dropbox\scc\proj\debug\token.sbr
c:\users\dmitry\dropbox\scc\proj\debug\main.sbr
c:\users\dmitry\dropbox\scc\proj\debug\lexer_error.sbr
c:\users\dmitry\dropbox\scc\proj\debug\lexer.sbr
c:\users\dmitry\dropbox\scc\proj\debug\flags.sbr
c:\users\dmitry\dropbox\scc\proj\debug\flags.obj
c:\users\dmitry\dropbox\scc\proj\debug\lexer.obj
c:\users\dmitry\dropbox\scc\proj\debug\lexer_error.obj
c:\users\dmitry\dropbox\scc\proj\debug\main.obj
c:\users\dmitry\dropbox\scc\proj\debug\token.obj
c:\users\etharner\dropbox\scc\proj\debug\vc120.pdb
c:\users\etharner\dropbox\scc\proj\debug\vc120.idb
c:\users\etharner\dropbox\scc\proj\debug\token.sbr
c:\users\etharner\dropbox\scc\proj\debug\main.sbr
c:\users\etharner\dropbox\scc\proj\debug\lexer_error.sbr
c:\users\etharner\dropbox\scc\proj\debug\lexer.sbr
c:\users\etharner\dropbox\scc\proj\debug\flags.sbr
c:\users\etharner\dropbox\scc\proj\debug\flags.obj
c:\users\etharner\dropbox\scc\proj\debug\lexer.obj
c:\users\etharner\dropbox\scc\proj\debug\lexer_error.obj
c:\users\etharner\dropbox\scc\proj\debug\main.obj
c:\users\etharner\dropbox\scc\proj\debug\token.obj
c:\users\dmitry\dropbox\scc\proj\debug\scc.ilk
c:\users\dmitry\dropbox\scc\proj\debug\scc.exe
c:\users\dmitry\dropbox\scc\proj\debug\scc.pdb
c:\users\etharner\dropbox\scc\proj\debug\scc.ilk
c:\users\etharner\dropbox\scc\proj\debug\scc.exe
c:\users\etharner\dropbox\scc\proj\debug\scc.pdb
c:\programing\dev\new folder\scc\proj\debug\flags.obj
c:\programing\dev\new folder\scc\proj\debug\lexer.obj
c:\programing\dev\new folder\scc\proj\debug\lexer_error.obj
c:\programing\dev\new folder\scc\proj\debug\main.obj
c:\programing\dev\new folder\scc\proj\debug\token.obj
c:\programing\dev\new folder\scc\proj\debug\scc.ilk
c:\programing\dev\new folder\scc\proj\debug\vc120.idb
c:\programing\dev\new folder\scc\proj\debug\scc.pdb
c:\programing\dev\new folder\scc\proj\debug\vc120.pdb
c:\programing\dev\new folder\scc\proj\debug\scc.bsc
c:\programing\dev\new folder\scc\proj\debug\flags.sbr
c:\programing\dev\new folder\scc\proj\debug\lexer.sbr
c:\programing\dev\new folder\scc\proj\debug\lexer_error.sbr
c:\programing\dev\new folder\scc\proj\debug\main.sbr
c:\programing\dev\new folder\scc\proj\debug\token.sbr
c:\programing\dev\new folder\scc\proj\debug\scc.exe
c:\programing\dev\new folder\scc\proj\debug\scc.tlog\bscmake.command.1.tlog
c:\programing\dev\new folder\scc\proj\debug\scc.tlog\bscmake.read.1.tlog
c:\programing\dev\new folder\scc\proj\debug\scc.tlog\bscmake.write.1.tlog
c:\programing\dev\new folder\scc\proj\debug\scc.tlog\cl.command.1.tlog
c:\programing\dev\new folder\scc\proj\debug\scc.tlog\cl.read.1.tlog
c:\programing\dev\new folder\scc\proj\debug\scc.tlog\cl.write.1.tlog
c:\programing\dev\new folder\scc\proj\debug\scc.tlog\link.command.1.tlog
c:\programing\dev\new folder\scc\proj\debug\scc.tlog\link.read.1.tlog
c:\programing\dev\new folder\scc\proj\debug\scc.tlog\link.write.1.tlog
